Flutter Open Source Apps/Intermediate/E-com app/build/app/intermediates/aapt_proguard_file/release/aapt_rules.txt
-keep class android.app.Application { <init>(); }
-keep class androidx.core.app.CoreComponentFactory { <init>(); }
-keep class com.baseflow.geolocator.GeolocatorLocationService { <init>(); }
-keep class com.example.vishal_mega_mart_app.MainActivity { <init>(); }
-keep class com.google.android.gms.common.api.GoogleApiActivity { <init>(); }