Flutter Open Source Apps/Intermediate/E-com app/build/app/outputs/mapping/release/seeds.txt
com.example.vishal_mega_mart_app.MainActivity
com.example.vishal_mega_mart_app.MainActivity: MainActivity()
...
com.baseflow.geolocator.permission.LocationPermission: com.baseflow.geolocator.permission.LocationPermission[] values()
androidx.window.layout.WindowInfoTrackerImpl$Companion: WindowInfoTrackerImpl$Companion()
androidx.lifecycle.ReportFragment$LifecycleCallbacks: void onActivityStopped(android.app.Activity)
io.flutter.plugin.editing.ImeSyncDeferringInsetsCallback: int access$500(io.flutter.plugin.editing.ImeSyncDeferringInsetsCallback)
kotlin.jvm.internal.CallableReference: java.util.List getParameters()
androidx.window.layout.SidecarAdapter: java.lang.String access$getTAG$cp()
kotlin.jvm.internal.CallableReference: kotlin.reflect.KCallable computeReflected()
androidx.window.layout.WindowMetricsCalculatorCompat: android.graphics.Rect computeWindowBoundsIceCreamSandwich$window_release(android.app.Activity)
androidx.window.embedding.SplitRule: int getLayoutDirection()
androidx.window.layout.SidecarAdapter: SidecarAdapter()
androidx.window.layout.FoldingFeature$State: FoldingFeature$State(java.lang.String)
androidx.window.embedding.SplitInfo: int hashCode()
androidx.window.embedding.SplitInfo: float getSplitRatio()
androidx.window.embedding.SplitRule$Api30Impl: android.graphics.Rect getBounds(android.view.WindowMetrics)
io.flutter.embedding.engine.systemchannels.PlatformChannel$Brightness: io.flutter.embedding.engine.systemchannels.PlatformChannel$Brightness[] values()
kotlin.coroutines.jvm.internal.ContinuationImpl: kotlin.coroutines.Continuation intercepted()
androidx.window.embedding.EmbeddingAdapter: boolean translateParentMetricsPredicate$lambda-4(androidx.window.embedding.SplitRule,android.view.WindowMetrics)
kotlin.coroutines.jvm.internal.BaseContinuationImpl: kotlin.coroutines.Continuation getCompletion()
io.flutter.embedding.engine.FlutterJNI: java.lang.String getObservatoryUri()
androidx.lifecycle.ReportFragment$LifecycleCallbacks: void onActivityPrePaused(android.app.Activity)
androidx.window.embedding.SplitController$Companion: void initialize(android.content.Context,int)
io.flutter.embedding.engine.FlutterJNI: void asyncWaitForVsync(long)
androidx.window.embedding.EmbeddingAdapter: java.util.function.Predicate translateActivityPredicates(java.util.Set)
kotlinx.coroutines.android.AndroidExceptionPreHandler: AndroidExceptionPreHandler()
androidx.window.layout.SidecarWindowBackend$Companion: void resetInstance()
androidx.window.layout.WindowMetricsCalculatorCompat: androidx.window.layout.WindowMetrics computeMaximumWindowMetrics(android.app.Activity)
kotlin.coroutines.jvm.internal.BaseContinuationImpl: java.lang.String toString()
io.flutter.embedding.engine.renderer.FlutterRenderer$DisplayFeatureType: io.flutter.embedding.engine.renderer.FlutterRenderer$DisplayFeatureType[] values()
kotlin.jvm.internal.FunctionReference: FunctionReference(int,java.lang.Object)
androidx.window.embedding.ExtensionEmbeddingBackend$EmbeddingCallbackImpl: ExtensionEmbeddingBackend$EmbeddingCallbackImpl(androidx.window.embedding.ExtensionEmbeddingBackend)
io.flutter.embedding.engine.FlutterJNI: long performNativeAttach(io.flutter.embedding.engine.FlutterJNI)
androidx.window.layout.WindowMetricsCalculatorCompat: android.graphics.Rect computeWindowBoundsP$window_release(android.app.Activity)
androidx.window.layout.ExtensionInterfaceCompat: boolean validateExtensionInterface()
io.flutter.embedding.engine.FlutterJNI: void nativeCleanupMessageData(long)
io.flutter.embedding.engine.plugins.lifecycle.HiddenLifecycleReference: androidx.lifecycle.Lifecycle getLifecycle()
androidx.window.layout.FoldingFeature$State$Companion: FoldingFeature$State$Companion()
io.flutter.view.AccessibilityViewEmbedder: boolean performAction(int,int,android.os.Bundle)
io.flutter.embedding.engine.FlutterJNI: void updateJavaAssetManager(android.content.res.AssetManager,java.lang.String)
androidx.window.embedding.ActivityFilter: boolean matchesActivity(android.app.Activity)
androidx.window.layout.ExtensionWindowLayoutInfoBackend$MulticastConsumer: boolean isEmpty()